2021-12-28 23:12:945 INFO  HomePage :56 - clicking on sign in button : [[ChromeDriver: chrome on WINDOWS (bf2c68f5035d4f9deec1d3dd78c3e2ee)] -> xpath: //a[normalize-space()='Sign in']]
2021-12-28 23:12:190 INFO  AuthenticationPage :32 - entering random email : <br>
2021-12-28 23:12:391 INFO  CreateAccountPage :64 - Entering firstnameProxy element for: DefaultElementLocator 'By.xpath: //input[@id='customer_firstname']'
2021-12-28 23:12:690 INFO  HomePage :56 - clicking on sign in button : [[ChromeDriver: chrome on WINDOWS (a66d6379ef71104be48ea5a1897b314a)] -> xpath: //a[normalize-space()='Sign in']]
2021-12-28 23:12:767 INFO  AuthenticationPage :32 - entering random email : <br>
2021-12-28 23:12:269 INFO  AuthenticationPage :38 - Click on the create an account tab : [[ChromeDriver: chrome on WINDOWS (a66d6379ef71104be48ea5a1897b314a)] -> xpath: //span[normalize-space()='Create an account']]<br>
2021-12-28 23:12:874 INFO  CreateAccountPage :64 - Entering firstname[[ChromeDriver: chrome on WINDOWS (a66d6379ef71104be48ea5a1897b314a)] -> xpath: //input[@id='customer_firstname']]
2021-12-28 23:12:10 INFO  CreateAccountPage :66 - Entering lastname[[ChromeDriver: chrome on WINDOWS (a66d6379ef71104be48ea5a1897b314a)] -> xpath: //input[@id='customer_lastname']]
2021-12-28 23:12:113 INFO  CreateAccountPage :68 - Entering password[[ChromeDriver: chrome on WINDOWS (a66d6379ef71104be48ea5a1897b314a)] -> xpath: //input[@id='passwd']]
2021-12-28 23:12:221 INFO  CreateAccountPage :70 - Entering address[[ChromeDriver: chrome on WINDOWS (a66d6379ef71104be48ea5a1897b314a)] -> xpath: //input[@id='address1']]
2021-12-28 23:12:339 INFO  CreateAccountPage :72 - Entering city[[ChromeDriver: chrome on WINDOWS (a66d6379ef71104be48ea5a1897b314a)] -> xpath: //input[@id='city']]
2021-12-28 23:12:456 INFO  CreateAccountPage :74 - Selecting the state[[ChromeDriver: chrome on WINDOWS (a66d6379ef71104be48ea5a1897b314a)] -> xpath: //select[@id='id_state']]
2021-12-28 23:12:641 INFO  CreateAccountPage :76 - Entering postalcode[[ChromeDriver: chrome on WINDOWS (a66d6379ef71104be48ea5a1897b314a)] -> xpath: //input[@id='postcode']]
2021-12-28 23:12:751 INFO  CreateAccountPage :78 - Entering contact number[[ChromeDriver: chrome on WINDOWS (a66d6379ef71104be48ea5a1897b314a)] -> xpath: //input[@id='phone_mobile']]
2021-12-28 23:12:876 INFO  CreateAccountPage :83 - Clicking on register link[[ChromeDriver: chrome on WINDOWS (a66d6379ef71104be48ea5a1897b314a)] -> xpath: //button[@id='submitAccount']]
2021-12-28 23:12:379 INFO  HomePage :56 - clicking on sign in button : [[ChromeDriver: chrome on WINDOWS (d3493477f28ef75bec3c366b769b8535)] -> xpath: //a[normalize-space()='Sign in']]
2021-12-28 23:12:606 INFO  AuthenticationPage :44 - entering random email : <br>
2021-12-28 23:12:759 INFO  AuthenticationPage :50 - Click on the create an account tab : [[ChromeDriver: chrome on WINDOWS (d3493477f28ef75bec3c366b769b8535)] -> xpath: //span[normalize-space()='Create an account']]<br>
2021-12-28 23:12:209 INFO  CreateAccountPage :64 - Entering firstname[[ChromeDriver: chrome on WINDOWS (d3493477f28ef75bec3c366b769b8535)] -> xpath: //input[@id='customer_firstname']]
2021-12-28 23:12:346 INFO  CreateAccountPage :66 - Entering lastname[[ChromeDriver: chrome on WINDOWS (d3493477f28ef75bec3c366b769b8535)] -> xpath: //input[@id='customer_lastname']]
2021-12-28 23:12:469 INFO  CreateAccountPage :68 - Entering password[[ChromeDriver: chrome on WINDOWS (d3493477f28ef75bec3c366b769b8535)] -> xpath: //input[@id='passwd']]
2021-12-28 23:12:578 INFO  CreateAccountPage :70 - Entering address[[ChromeDriver: chrome on WINDOWS (d3493477f28ef75bec3c366b769b8535)] -> xpath: //input[@id='address1']]
2021-12-28 23:12:694 INFO  CreateAccountPage :72 - Entering city[[ChromeDriver: chrome on WINDOWS (d3493477f28ef75bec3c366b769b8535)] -> xpath: //input[@id='city']]
2021-12-28 23:12:875 INFO  CreateAccountPage :74 - Selecting the state[[ChromeDriver: chrome on WINDOWS (d3493477f28ef75bec3c366b769b8535)] -> xpath: //select[@id='id_state']]
2021-12-28 23:12:10 INFO  CreateAccountPage :76 - Entering postalcode[[ChromeDriver: chrome on WINDOWS (d3493477f28ef75bec3c366b769b8535)] -> xpath: //input[@id='postcode']]
2021-12-28 23:12:123 INFO  CreateAccountPage :78 - Entering contact number[[ChromeDriver: chrome on WINDOWS (d3493477f28ef75bec3c366b769b8535)] -> xpath: //input[@id='phone_mobile']]
2021-12-28 23:12:263 INFO  CreateAccountPage :85 - Clicking on register link[[ChromeDriver: chrome on WINDOWS (d3493477f28ef75bec3c366b769b8535)] -> xpath: //button[@id='submitAccount']]
2021-12-28 23:12:659 INFO  HomePage :56 - clicking on sign in button : [[ChromeDriver: chrome on WINDOWS (de719560912c39b45696dc1ac7c45493)] -> xpath: //a[normalize-space()='Sign in']]
2021-12-28 23:12:840 INFO  HomePage :56 - clicking on sign in button : [[ChromeDriver: chrome on WINDOWS (cc870a5a19837ccdc1328cd780196c00)] -> xpath: //a[normalize-space()='Sign in']]
2021-12-28 23:12:201 INFO  AuthenticationPage :44 - entering random email : <br>
2021-12-28 23:12:346 INFO  AuthenticationPage :50 - Click on the create an account tab : [[ChromeDriver: chrome on WINDOWS (cc870a5a19837ccdc1328cd780196c00)] -> xpath: //span[normalize-space()='Create an account']]<br>
2021-12-28 23:12:614 INFO  CreateAccountPage :64 - Entering firstname[[ChromeDriver: chrome on WINDOWS (cc870a5a19837ccdc1328cd780196c00)] -> xpath: //input[@id='customer_firstname']]
2021-12-28 23:12:748 INFO  CreateAccountPage :66 - Entering lastname[[ChromeDriver: chrome on WINDOWS (cc870a5a19837ccdc1328cd780196c00)] -> xpath: //input[@id='customer_lastname']]
2021-12-28 23:12:851 INFO  CreateAccountPage :68 - Entering password[[ChromeDriver: chrome on WINDOWS (cc870a5a19837ccdc1328cd780196c00)] -> xpath: //input[@id='passwd']]
2021-12-28 23:12:964 INFO  CreateAccountPage :70 - Entering address[[ChromeDriver: chrome on WINDOWS (cc870a5a19837ccdc1328cd780196c00)] -> xpath: //input[@id='address1']]
2021-12-28 23:12:78 INFO  CreateAccountPage :72 - Entering city[[ChromeDriver: chrome on WINDOWS (cc870a5a19837ccdc1328cd780196c00)] -> xpath: //input[@id='city']]
2021-12-28 23:12:243 INFO  CreateAccountPage :74 - Selecting the state[[ChromeDriver: chrome on WINDOWS (cc870a5a19837ccdc1328cd780196c00)] -> xpath: //select[@id='id_state']]
2021-12-28 23:12:378 INFO  CreateAccountPage :76 - Entering postalcode[[ChromeDriver: chrome on WINDOWS (cc870a5a19837ccdc1328cd780196c00)] -> xpath: //input[@id='postcode']]
2021-12-28 23:12:494 INFO  CreateAccountPage :78 - Entering contact number[[ChromeDriver: chrome on WINDOWS (cc870a5a19837ccdc1328cd780196c00)] -> xpath: //input[@id='phone_mobile']]
2021-12-28 23:12:620 INFO  CreateAccountPage :85 - Clicking on register link[[ChromeDriver: chrome on WINDOWS (cc870a5a19837ccdc1328cd780196c00)] -> xpath: //button[@id='submitAccount']]
2021-12-28 23:12:442 INFO  HomePage :56 - clicking on sign in button : [[ChromeDriver: chrome on WINDOWS (727d1a96d3ce2c86f6c238cfb585455c)] -> xpath: //a[normalize-space()='Sign in']]
2021-12-28 23:12:634 INFO  HomePage :56 - clicking on sign in button : [[ChromeDriver: chrome on WINDOWS (a5bddfee6dde50e827e071d9a4708456)] -> xpath: //a[normalize-space()='Sign in']]
2021-12-28 23:12:01 INFO  AuthenticationPage :44 - entering random email : <br>
2021-12-28 23:12:160 INFO  AuthenticationPage :50 - Click on the create an account tab : [[ChromeDriver: chrome on WINDOWS (a5bddfee6dde50e827e071d9a4708456)] -> xpath: //span[normalize-space()='Create an account']]<br>
2021-12-28 23:12:415 INFO  CreateAccountPage :64 - Entering firstname[[ChromeDriver: chrome on WINDOWS (a5bddfee6dde50e827e071d9a4708456)] -> xpath: //input[@id='customer_firstname']]
2021-12-28 23:12:546 INFO  CreateAccountPage :66 - Entering lastname[[ChromeDriver: chrome on WINDOWS (a5bddfee6dde50e827e071d9a4708456)] -> xpath: //input[@id='customer_lastname']]
2021-12-28 23:12:655 INFO  CreateAccountPage :68 - Entering password[[ChromeDriver: chrome on WINDOWS (a5bddfee6dde50e827e071d9a4708456)] -> xpath: //input[@id='passwd']]
2021-12-28 23:12:762 INFO  CreateAccountPage :70 - Entering address[[ChromeDriver: chrome on WINDOWS (a5bddfee6dde50e827e071d9a4708456)] -> xpath: //input[@id='address1']]
2021-12-28 23:12:879 INFO  CreateAccountPage :72 - Entering city[[ChromeDriver: chrome on WINDOWS (a5bddfee6dde50e827e071d9a4708456)] -> xpath: //input[@id='city']]
2021-12-28 23:12:983 INFO  CreateAccountPage :74 - Selecting the state[[ChromeDriver: chrome on WINDOWS (a5bddfee6dde50e827e071d9a4708456)] -> xpath: //select[@id='id_state']]
2021-12-28 23:12:174 INFO  CreateAccountPage :76 - Entering postalcode[[ChromeDriver: chrome on WINDOWS (a5bddfee6dde50e827e071d9a4708456)] -> xpath: //input[@id='postcode']]
2021-12-28 23:12:287 INFO  CreateAccountPage :78 - Entering contact number[[ChromeDriver: chrome on WINDOWS (a5bddfee6dde50e827e071d9a4708456)] -> xpath: //input[@id='phone_mobile']]
2021-12-28 23:12:420 INFO  CreateAccountPage :85 - Clicking on register link[[ChromeDriver: chrome on WINDOWS (a5bddfee6dde50e827e071d9a4708456)] -> xpath: //button[@id='submitAccount']]
2021-12-28 23:12:754 INFO  HomePage :56 - clicking on sign in button : [[ChromeDriver: chrome on WINDOWS (d268ce81f43adbd72d82b58179a6cfe6)] -> xpath: //a[normalize-space()='Sign in']]
2021-12-28 23:12:55 INFO  HomePage :56 - clicking on sign in button : [[ChromeDriver: chrome on WINDOWS (89062f8fa988766beb7b98727cd41a86)] -> xpath: //a[normalize-space()='Sign in']]
2021-12-28 23:12:392 INFO  AuthenticationPage :44 - entering random email : <br>
2021-12-28 23:12:547 INFO  AuthenticationPage :50 - Click on the create an account tab : [[ChromeDriver: chrome on WINDOWS (89062f8fa988766beb7b98727cd41a86)] -> xpath: //span[normalize-space()='Create an account']]<br>
2021-12-28 23:12:844 INFO  CreateAccountPage :64 - Entering firstname[[ChromeDriver: chrome on WINDOWS (89062f8fa988766beb7b98727cd41a86)] -> xpath: //input[@id='customer_firstname']]
2021-12-28 23:12:964 INFO  CreateAccountPage :66 - Entering lastname[[ChromeDriver: chrome on WINDOWS (89062f8fa988766beb7b98727cd41a86)] -> xpath: //input[@id='customer_lastname']]
2021-12-28 23:12:69 INFO  CreateAccountPage :68 - Entering password[[ChromeDriver: chrome on WINDOWS (89062f8fa988766beb7b98727cd41a86)] -> xpath: //input[@id='passwd']]
2021-12-28 23:12:192 INFO  CreateAccountPage :70 - Entering address[[ChromeDriver: chrome on WINDOWS (89062f8fa988766beb7b98727cd41a86)] -> xpath: //input[@id='address1']]
2021-12-28 23:12:315 INFO  CreateAccountPage :72 - Entering city[[ChromeDriver: chrome on WINDOWS (89062f8fa988766beb7b98727cd41a86)] -> xpath: //input[@id='city']]
2021-12-28 23:12:485 INFO  CreateAccountPage :74 - Selecting the state[[ChromeDriver: chrome on WINDOWS (89062f8fa988766beb7b98727cd41a86)] -> xpath: //select[@id='id_state']]
2021-12-28 23:12:618 INFO  CreateAccountPage :76 - Entering postalcode[[ChromeDriver: chrome on WINDOWS (89062f8fa988766beb7b98727cd41a86)] -> xpath: //input[@id='postcode']]
2021-12-28 23:12:735 INFO  CreateAccountPage :78 - Entering contact number[[ChromeDriver: chrome on WINDOWS (89062f8fa988766beb7b98727cd41a86)] -> xpath: //input[@id='phone_mobile']]
2021-12-28 23:12:866 INFO  CreateAccountPage :85 - Clicking on register link[[ChromeDriver: chrome on WINDOWS (89062f8fa988766beb7b98727cd41a86)] -> xpath: //button[@id='submitAccount']]
2021-12-28 23:12:629 INFO  HomePage :56 - clicking on sign in button : [[ChromeDriver: chrome on WINDOWS (afe3a75a7796159010ff8631ec64d713)] -> xpath: //a[normalize-space()='Sign in']]
2021-12-29 00:12:511 INFO  HomePage :56 - clicking on sign in button : [[ChromeDriver: chrome on WINDOWS (2dc134977fa3c7abd36fd678805c4b5a)] -> xpath: //a[normalize-space()='Sign in']]
2021-12-29 00:12:821 INFO  AuthenticationPage :44 - entering random email : <br>
2021-12-29 00:12:969 INFO  AuthenticationPage :50 - Click on the create an account tab : [[ChromeDriver: chrome on WINDOWS (2dc134977fa3c7abd36fd678805c4b5a)] -> xpath: //span[normalize-space()='Create an account']]<br>
2021-12-29 00:12:234 INFO  CreateAccountPage :64 - Entering firstname[[ChromeDriver: chrome on WINDOWS (2dc134977fa3c7abd36fd678805c4b5a)] -> xpath: //input[@id='customer_firstname']]
2021-12-29 00:12:354 INFO  CreateAccountPage :66 - Entering lastname[[ChromeDriver: chrome on WINDOWS (2dc134977fa3c7abd36fd678805c4b5a)] -> xpath: //input[@id='customer_lastname']]
2021-12-29 00:12:461 INFO  CreateAccountPage :68 - Entering password[[ChromeDriver: chrome on WINDOWS (2dc134977fa3c7abd36fd678805c4b5a)] -> xpath: //input[@id='passwd']]
2021-12-29 00:12:577 INFO  CreateAccountPage :70 - Entering address[[ChromeDriver: chrome on WINDOWS (2dc134977fa3c7abd36fd678805c4b5a)] -> xpath: //input[@id='address1']]
2021-12-29 00:12:715 INFO  CreateAccountPage :72 - Entering city[[ChromeDriver: chrome on WINDOWS (2dc134977fa3c7abd36fd678805c4b5a)] -> xpath: //input[@id='city']]
2021-12-29 00:12:818 INFO  CreateAccountPage :74 - Selecting the state[[ChromeDriver: chrome on WINDOWS (2dc134977fa3c7abd36fd678805c4b5a)] -> xpath: //select[@id='id_state']]
2021-12-29 00:12:01 INFO  CreateAccountPage :76 - Entering postalcode[[ChromeDriver: chrome on WINDOWS (2dc134977fa3c7abd36fd678805c4b5a)] -> xpath: //input[@id='postcode']]
2021-12-29 00:12:116 INFO  CreateAccountPage :78 - Entering contact number[[ChromeDriver: chrome on WINDOWS (2dc134977fa3c7abd36fd678805c4b5a)] -> xpath: //input[@id='phone_mobile']]
2021-12-29 00:12:252 INFO  CreateAccountPage :85 - Clicking on register link[[ChromeDriver: chrome on WINDOWS (2dc134977fa3c7abd36fd678805c4b5a)] -> xpath: //button[@id='submitAccount']]
2021-12-29 00:12:119 INFO  HomePage :56 - clicking on sign in button : [[ChromeDriver: chrome on WINDOWS (5e12c369e01c7485543a7054046f21e3)] -> xpath: //a[normalize-space()='Sign in']]
2021-12-29 00:12:78 INFO  HomePage :56 - clicking on sign in button : [[ChromeDriver: chrome on WINDOWS (92ddc4ca96e74ef2fd201a8111742796)] -> xpath: //a[normalize-space()='Sign in']]
2021-12-29 00:12:932 INFO  HomePage :56 - clicking on sign in button : [[ChromeDriver: chrome on WINDOWS (ff781a6f2b026a425a8d20d28cd0ad64)] -> xpath: //a[normalize-space()='Sign in']]
2021-12-29 00:12:963 INFO  AuthenticationPage :44 - entering random email : <br>
2021-12-29 00:12:457 INFO  AuthenticationPage :50 - Click on the create an account tab : [[ChromeDriver: chrome on WINDOWS (ff781a6f2b026a425a8d20d28cd0ad64)] -> xpath: //span[normalize-space()='Create an account']]<br>
2021-12-29 00:12:732 INFO  CreateAccountPage :64 - Entering firstname[[ChromeDriver: chrome on WINDOWS (ff781a6f2b026a425a8d20d28cd0ad64)] -> xpath: //input[@id='customer_firstname']]
2021-12-29 00:12:853 INFO  CreateAccountPage :66 - Entering lastname[[ChromeDriver: chrome on WINDOWS (ff781a6f2b026a425a8d20d28cd0ad64)] -> xpath: //input[@id='customer_lastname']]
2021-12-29 00:12:961 INFO  CreateAccountPage :68 - Entering password[[ChromeDriver: chrome on WINDOWS (ff781a6f2b026a425a8d20d28cd0ad64)] -> xpath: //input[@id='passwd']]
2021-12-29 00:12:75 INFO  CreateAccountPage :70 - Entering address[[ChromeDriver: chrome on WINDOWS (ff781a6f2b026a425a8d20d28cd0ad64)] -> xpath: //input[@id='address1']]
2021-12-29 00:12:194 INFO  CreateAccountPage :72 - Entering city[[ChromeDriver: chrome on WINDOWS (ff781a6f2b026a425a8d20d28cd0ad64)] -> xpath: //input[@id='city']]
2021-12-29 00:12:358 INFO  CreateAccountPage :74 - Selecting the state[[ChromeDriver: chrome on WINDOWS (ff781a6f2b026a425a8d20d28cd0ad64)] -> xpath: //select[@id='id_state']]
2021-12-29 00:12:502 INFO  CreateAccountPage :76 - Entering postalcode[[ChromeDriver: chrome on WINDOWS (ff781a6f2b026a425a8d20d28cd0ad64)] -> xpath: //input[@id='postcode']]
2021-12-29 00:12:615 INFO  CreateAccountPage :78 - Entering contact number[[ChromeDriver: chrome on WINDOWS (ff781a6f2b026a425a8d20d28cd0ad64)] -> xpath: //input[@id='phone_mobile']]
2021-12-29 00:12:741 INFO  CreateAccountPage :85 - Clicking on register link[[ChromeDriver: chrome on WINDOWS (ff781a6f2b026a425a8d20d28cd0ad64)] -> xpath: //button[@id='submitAccount']]
2021-12-29 00:12:937 INFO  HomePage :56 - clicking on sign in button : [[ChromeDriver: chrome on WINDOWS (30b43667b62225e4720d746f927233e9)] -> xpath: //a[normalize-space()='Sign in']]
2021-12-29 00:12:601 INFO  HomePage :56 - clicking on sign in button : [[ChromeDriver: chrome on WINDOWS (806f1c581f66e11dc80889147e6f6ae9)] -> xpath: //a[normalize-space()='Sign in']]
2021-12-29 01:12:786 INFO  HomePage :56 - clicking on sign in button : [[ChromeDriver: chrome on WINDOWS (2be40d0860a0e6a9861f4f381b56eaab)] -> xpath: //a[normalize-space()='Sign in']]
2021-12-29 01:12:209 INFO  AuthenticationPage :44 - entering random email : <br>
2021-12-29 01:12:351 INFO  AuthenticationPage :50 - Click on the create an account tab : [[ChromeDriver: chrome on WINDOWS (2be40d0860a0e6a9861f4f381b56eaab)] -> xpath: //span[normalize-space()='Create an account']]<br>
2021-12-29 01:12:682 INFO  CreateAccountPage :64 - Entering firstname[[ChromeDriver: chrome on WINDOWS (2be40d0860a0e6a9861f4f381b56eaab)] -> xpath: //input[@id='customer_firstname']]
2021-12-29 01:12:802 INFO  CreateAccountPage :66 - Entering lastname[[ChromeDriver: chrome on WINDOWS (2be40d0860a0e6a9861f4f381b56eaab)] -> xpath: //input[@id='customer_lastname']]
2021-12-29 01:12:910 INFO  CreateAccountPage :68 - Entering password[[ChromeDriver: chrome on WINDOWS (2be40d0860a0e6a9861f4f381b56eaab)] -> xpath: //input[@id='passwd']]
2021-12-29 01:12:27 INFO  CreateAccountPage :70 - Entering address[[ChromeDriver: chrome on WINDOWS (2be40d0860a0e6a9861f4f381b56eaab)] -> xpath: //input[@id='address1']]
2021-12-29 01:12:145 INFO  CreateAccountPage :72 - Entering city[[ChromeDriver: chrome on WINDOWS (2be40d0860a0e6a9861f4f381b56eaab)] -> xpath: //input[@id='city']]
2021-12-29 01:12:253 INFO  CreateAccountPage :74 - Selecting the state[[ChromeDriver: chrome on WINDOWS (2be40d0860a0e6a9861f4f381b56eaab)] -> xpath: //select[@id='id_state']]
2021-12-29 01:12:446 INFO  CreateAccountPage :76 - Entering postalcode[[ChromeDriver: chrome on WINDOWS (2be40d0860a0e6a9861f4f381b56eaab)] -> xpath: //input[@id='postcode']]
2021-12-29 01:12:560 INFO  CreateAccountPage :78 - Entering contact number[[ChromeDriver: chrome on WINDOWS (2be40d0860a0e6a9861f4f381b56eaab)] -> xpath: //input[@id='phone_mobile']]
2021-12-29 01:12:700 INFO  CreateAccountPage :85 - Clicking on register link[[ChromeDriver: chrome on WINDOWS (2be40d0860a0e6a9861f4f381b56eaab)] -> xpath: //button[@id='submitAccount']]
2021-12-29 01:12:415 INFO  HomePage :56 - clicking on sign in button : [[ChromeDriver: chrome on WINDOWS (44c892f25505a38673a4d77ddbc7f04b)] -> xpath: //a[normalize-space()='Sign in']]
2021-12-29 01:12:420 INFO  HomePage :56 - clicking on sign in button : [[ChromeDriver: chrome on WINDOWS (b5e769c929068a0bfc4c873024768c49)] -> xpath: //a[normalize-space()='Sign in']]
2021-12-29 01:12:927 INFO  HomePage :56 - clicking on sign in button : [[ChromeDriver: chrome on WINDOWS (64538874468c22b468c9d4a9e0b2ebfc)] -> xpath: //a[normalize-space()='Sign in']]
2021-12-29 01:12:289 INFO  AuthenticationPage :44 - entering random email : <br>
2021-12-29 01:12:437 INFO  AuthenticationPage :50 - Click on the create an account tab : [[ChromeDriver: chrome on WINDOWS (64538874468c22b468c9d4a9e0b2ebfc)] -> xpath: //span[normalize-space()='Create an account']]<br>
2021-12-29 01:12:741 INFO  CreateAccountPage :64 - Entering firstname[[ChromeDriver: chrome on WINDOWS (64538874468c22b468c9d4a9e0b2ebfc)] -> xpath: //input[@id='customer_firstname']]
2021-12-29 01:12:859 INFO  CreateAccountPage :66 - Entering lastname[[ChromeDriver: chrome on WINDOWS (64538874468c22b468c9d4a9e0b2ebfc)] -> xpath: //input[@id='customer_lastname']]
2021-12-29 01:12:969 INFO  CreateAccountPage :68 - Entering password[[ChromeDriver: chrome on WINDOWS (64538874468c22b468c9d4a9e0b2ebfc)] -> xpath: //input[@id='passwd']]
2021-12-29 01:12:80 INFO  CreateAccountPage :70 - Entering address[[ChromeDriver: chrome on WINDOWS (64538874468c22b468c9d4a9e0b2ebfc)] -> xpath: //input[@id='address1']]
2021-12-29 01:12:194 INFO  CreateAccountPage :72 - Entering city[[ChromeDriver: chrome on WINDOWS (64538874468c22b468c9d4a9e0b2ebfc)] -> xpath: //input[@id='city']]
2021-12-29 01:12:300 INFO  CreateAccountPage :74 - Selecting the state[[ChromeDriver: chrome on WINDOWS (64538874468c22b468c9d4a9e0b2ebfc)] -> xpath: //select[@id='id_state']]
2021-12-29 01:12:489 INFO  CreateAccountPage :76 - Entering postalcode[[ChromeDriver: chrome on WINDOWS (64538874468c22b468c9d4a9e0b2ebfc)] -> xpath: //input[@id='postcode']]
2021-12-29 01:12:600 INFO  CreateAccountPage :78 - Entering contact number[[ChromeDriver: chrome on WINDOWS (64538874468c22b468c9d4a9e0b2ebfc)] -> xpath: //input[@id='phone_mobile']]
2021-12-29 01:12:739 INFO  CreateAccountPage :85 - Clicking on register link[[ChromeDriver: chrome on WINDOWS (64538874468c22b468c9d4a9e0b2ebfc)] -> xpath: //button[@id='submitAccount']]
2021-12-29 01:12:964 INFO  HomePage :56 - clicking on sign in button : [[ChromeDriver: chrome on WINDOWS (54cc83fac9fa2b015569da958a51ac58)] -> xpath: //a[normalize-space()='Sign in']]
2021-12-29 01:12:396 INFO  HomePage :56 - clicking on sign in button : [[ChromeDriver: chrome on WINDOWS (de2aa49bfedb665d4e0563e0a0c9b184)] -> xpath: //a[normalize-space()='Sign in']]
2021-12-29 01:12:136 INFO  HomePage :56 - clicking on sign in button : [[ChromeDriver: chrome on WINDOWS (8b277a5711ccef4098e1f69f64743a08)] -> xpath: //a[normalize-space()='Sign in']]
2021-12-29 01:12:553 INFO  AuthenticationPage :44 - entering random email : <br>
2021-12-29 01:12:708 INFO  AuthenticationPage :50 - Click on the create an account tab : [[ChromeDriver: chrome on WINDOWS (8b277a5711ccef4098e1f69f64743a08)] -> xpath: //span[normalize-space()='Create an account']]<br>
2021-12-29 01:12:974 INFO  CreateAccountPage :64 - Entering firstname[[ChromeDriver: chrome on WINDOWS (8b277a5711ccef4098e1f69f64743a08)] -> xpath: //input[@id='customer_firstname']]
2021-12-29 01:12:96 INFO  CreateAccountPage :66 - Entering lastname[[ChromeDriver: chrome on WINDOWS (8b277a5711ccef4098e1f69f64743a08)] -> xpath: //input[@id='customer_lastname']]
2021-12-29 01:12:207 INFO  CreateAccountPage :68 - Entering password[[ChromeDriver: chrome on WINDOWS (8b277a5711ccef4098e1f69f64743a08)] -> xpath: //input[@id='passwd']]
2021-12-29 01:12:325 INFO  CreateAccountPage :70 - Entering address[[ChromeDriver: chrome on WINDOWS (8b277a5711ccef4098e1f69f64743a08)] -> xpath: //input[@id='address1']]
2021-12-29 01:12:458 INFO  CreateAccountPage :72 - Entering city[[ChromeDriver: chrome on WINDOWS (8b277a5711ccef4098e1f69f64743a08)] -> xpath: //input[@id='city']]
2021-12-29 01:12:634 INFO  CreateAccountPage :74 - Selecting the state[[ChromeDriver: chrome on WINDOWS (8b277a5711ccef4098e1f69f64743a08)] -> xpath: //select[@id='id_state']]
2021-12-29 01:12:767 INFO  CreateAccountPage :76 - Entering postalcode[[ChromeDriver: chrome on WINDOWS (8b277a5711ccef4098e1f69f64743a08)] -> xpath: //input[@id='postcode']]
2021-12-29 01:12:885 INFO  CreateAccountPage :78 - Entering contact number[[ChromeDriver: chrome on WINDOWS (8b277a5711ccef4098e1f69f64743a08)] -> xpath: //input[@id='phone_mobile']]
2021-12-29 01:12:18 INFO  CreateAccountPage :85 - Clicking on register link[[ChromeDriver: chrome on WINDOWS (8b277a5711ccef4098e1f69f64743a08)] -> xpath: //button[@id='submitAccount']]
2021-12-29 01:12:441 INFO  HomePage :56 - clicking on sign in button : [[ChromeDriver: chrome on WINDOWS (b587dcf58121f8b2bac7026a5cf4ff58)] -> xpath: //a[normalize-space()='Sign in']]
2021-12-29 01:12:392 INFO  HomePage :56 - clicking on sign in button : [[ChromeDriver: chrome on WINDOWS (fe5c0d28d3eb1cab49bd3493a22603ff)] -> xpath: //a[normalize-space()='Sign in']]
2021-12-29 01:12:13 INFO  HomePage :56 - clicking on sign in button : [[ChromeDriver: chrome on WINDOWS (18b0fd319d04912a898a8ee401957422)] -> xpath: //a[normalize-space()='Sign in']]
2021-12-29 01:12:689 INFO  AuthenticationPage :44 - entering random email : <br>
2021-12-29 01:12:842 INFO  AuthenticationPage :50 - Click on the create an account tab : [[ChromeDriver: chrome on WINDOWS (18b0fd319d04912a898a8ee401957422)] -> xpath: //span[normalize-space()='Create an account']]<br>
2021-12-29 01:12:157 INFO  CreateAccountPage :64 - Entering firstname[[ChromeDriver: chrome on WINDOWS (18b0fd319d04912a898a8ee401957422)] -> xpath: //input[@id='customer_firstname']]
2021-12-29 01:12:281 INFO  CreateAccountPage :66 - Entering lastname[[ChromeDriver: chrome on WINDOWS (18b0fd319d04912a898a8ee401957422)] -> xpath: //input[@id='customer_lastname']]
2021-12-29 01:12:389 INFO  CreateAccountPage :68 - Entering password[[ChromeDriver: chrome on WINDOWS (18b0fd319d04912a898a8ee401957422)] -> xpath: //input[@id='passwd']]
2021-12-29 01:12:522 INFO  CreateAccountPage :70 - Entering address[[ChromeDriver: chrome on WINDOWS (18b0fd319d04912a898a8ee401957422)] -> xpath: //input[@id='address1']]
2021-12-29 01:12:648 INFO  CreateAccountPage :72 - Entering city[[ChromeDriver: chrome on WINDOWS (18b0fd319d04912a898a8ee401957422)] -> xpath: //input[@id='city']]
2021-12-29 01:12:821 INFO  CreateAccountPage :74 - Selecting the state[[ChromeDriver: chrome on WINDOWS (18b0fd319d04912a898a8ee401957422)] -> xpath: //select[@id='id_state']]
2021-12-29 01:12:957 INFO  CreateAccountPage :76 - Entering postalcode[[ChromeDriver: chrome on WINDOWS (18b0fd319d04912a898a8ee401957422)] -> xpath: //input[@id='postcode']]
2021-12-29 01:12:79 INFO  CreateAccountPage :78 - Entering contact number[[ChromeDriver: chrome on WINDOWS (18b0fd319d04912a898a8ee401957422)] -> xpath: //input[@id='phone_mobile']]
2021-12-29 01:12:207 INFO  CreateAccountPage :85 - Clicking on register link[[ChromeDriver: chrome on WINDOWS (18b0fd319d04912a898a8ee401957422)] -> xpath: //button[@id='submitAccount']]
2021-12-29 01:12:988 INFO  HomePage :56 - clicking on sign in button : [[ChromeDriver: chrome on WINDOWS (f3df6e9e2c728427f03b5b68df5a55b0)] -> xpath: //a[normalize-space()='Sign in']]
2021-12-29 01:12:700 INFO  HomePage :56 - clicking on sign in button : [[ChromeDriver: chrome on WINDOWS (ece38a90dc1c41c00de2dff1a7d60da5)] -> xpath: //a[normalize-space()='Sign in']]
2021-12-29 12:12:959 INFO  HomePage :56 - clicking on sign in button : [[ChromeDriver: chrome on WINDOWS (66a4accd07a096d0a091a824de22136c)] -> xpath: //a[normalize-space()='Sign in']]
2021-12-29 12:12:432 INFO  AuthenticationPage :44 - entering random email : <br>
2021-12-29 12:12:581 INFO  AuthenticationPage :50 - Click on the create an account tab : [[ChromeDriver: chrome on WINDOWS (66a4accd07a096d0a091a824de22136c)] -> xpath: //span[normalize-space()='Create an account']]<br>
2021-12-29 12:12:698 INFO  CreateAccountPage :64 - Entering firstname[[ChromeDriver: chrome on WINDOWS (66a4accd07a096d0a091a824de22136c)] -> xpath: //input[@id='customer_firstname']]
2021-12-29 12:12:828 INFO  CreateAccountPage :66 - Entering lastname[[ChromeDriver: chrome on WINDOWS (66a4accd07a096d0a091a824de22136c)] -> xpath: //input[@id='customer_lastname']]
2021-12-29 12:12:937 INFO  CreateAccountPage :68 - Entering password[[ChromeDriver: chrome on WINDOWS (66a4accd07a096d0a091a824de22136c)] -> xpath: //input[@id='passwd']]
2021-12-29 12:12:54 INFO  CreateAccountPage :70 - Entering address[[ChromeDriver: chrome on WINDOWS (66a4accd07a096d0a091a824de22136c)] -> xpath: //input[@id='address1']]
2021-12-29 12:12:172 INFO  CreateAccountPage :72 - Entering city[[ChromeDriver: chrome on WINDOWS (66a4accd07a096d0a091a824de22136c)] -> xpath: //input[@id='city']]
2021-12-29 12:12:340 INFO  CreateAccountPage :74 - Selecting the state[[ChromeDriver: chrome on WINDOWS (66a4accd07a096d0a091a824de22136c)] -> xpath: //select[@id='id_state']]
2021-12-29 12:12:487 INFO  CreateAccountPage :76 - Entering postalcode[[ChromeDriver: chrome on WINDOWS (66a4accd07a096d0a091a824de22136c)] -> xpath: //input[@id='postcode']]
2021-12-29 12:12:606 INFO  CreateAccountPage :78 - Entering contact number[[ChromeDriver: chrome on WINDOWS (66a4accd07a096d0a091a824de22136c)] -> xpath: //input[@id='phone_mobile']]
2021-12-29 12:12:731 INFO  CreateAccountPage :85 - Clicking on register link[[ChromeDriver: chrome on WINDOWS (66a4accd07a096d0a091a824de22136c)] -> xpath: //button[@id='submitAccount']]
2021-12-29 12:12:58 INFO  HomePage :56 - clicking on sign in button : [[ChromeDriver: chrome on WINDOWS (39217f9933355fd51c3f0347b080ce3d)] -> xpath: //a[normalize-space()='Sign in']]
2021-12-29 12:12:889 INFO  HomePage :56 - clicking on sign in button : [[ChromeDriver: chrome on WINDOWS (4019b6789eb367c090db94923b5860d9)] -> xpath: //a[normalize-space()='Sign in']]
2021-12-29 12:12:508 INFO  HomePage :56 - clicking on sign in button : [[ChromeDriver: chrome on WINDOWS (73bba6837ac0e9641c252d3f6ac258af)] -> xpath: //a[normalize-space()='Sign in']]
2021-12-29 12:12:08 INFO  AuthenticationPage :44 - entering random email : <br>
2021-12-29 12:12:155 INFO  AuthenticationPage :50 - Click on the create an account tab : [[ChromeDriver: chrome on WINDOWS (73bba6837ac0e9641c252d3f6ac258af)] -> xpath: //span[normalize-space()='Create an account']]<br>
2021-12-29 12:12:488 INFO  CreateAccountPage :64 - Entering firstname[[ChromeDriver: chrome on WINDOWS (73bba6837ac0e9641c252d3f6ac258af)] -> xpath: //input[@id='customer_firstname']]
2021-12-29 12:12:613 INFO  CreateAccountPage :66 - Entering lastname[[ChromeDriver: chrome on WINDOWS (73bba6837ac0e9641c252d3f6ac258af)] -> xpath: //input[@id='customer_lastname']]
2021-12-29 12:12:719 INFO  CreateAccountPage :68 - Entering password[[ChromeDriver: chrome on WINDOWS (73bba6837ac0e9641c252d3f6ac258af)] -> xpath: //input[@id='passwd']]
2021-12-29 12:12:828 INFO  CreateAccountPage :70 - Entering address[[ChromeDriver: chrome on WINDOWS (73bba6837ac0e9641c252d3f6ac258af)] -> xpath: //input[@id='address1']]
2021-12-29 12:12:943 INFO  CreateAccountPage :72 - Entering city[[ChromeDriver: chrome on WINDOWS (73bba6837ac0e9641c252d3f6ac258af)] -> xpath: //input[@id='city']]
2021-12-29 12:12:44 INFO  CreateAccountPage :74 - Selecting the state[[ChromeDriver: chrome on WINDOWS (73bba6837ac0e9641c252d3f6ac258af)] -> xpath: //select[@id='id_state']]
2021-12-29 12:12:237 INFO  CreateAccountPage :76 - Entering postalcode[[ChromeDriver: chrome on WINDOWS (73bba6837ac0e9641c252d3f6ac258af)] -> xpath: //input[@id='postcode']]
2021-12-29 12:12:354 INFO  CreateAccountPage :78 - Entering contact number[[ChromeDriver: chrome on WINDOWS (73bba6837ac0e9641c252d3f6ac258af)] -> xpath: //input[@id='phone_mobile']]
2021-12-29 12:12:481 INFO  CreateAccountPage :85 - Clicking on register link[[ChromeDriver: chrome on WINDOWS (73bba6837ac0e9641c252d3f6ac258af)] -> xpath: //button[@id='submitAccount']]
2021-12-29 12:12:407 INFO  HomePage :56 - clicking on sign in button : [[ChromeDriver: chrome on WINDOWS (0383f849750ef69a9c9c759cfafe6941)] -> xpath: //a[normalize-space()='Sign in']]
2021-12-29 12:12:686 INFO  HomePage :56 - clicking on sign in button : [[ChromeDriver: chrome on WINDOWS (4dc5c42a86532f7333ef4c637f88ed7b)] -> xpath: //a[normalize-space()='Sign in']]
2021-12-29 12:12:222 INFO  HomePage :56 - clicking on sign in button : [[ChromeDriver: chrome on WINDOWS (df551a5696065833ca1d0f4aa3792795)] -> xpath: //a[normalize-space()='Sign in']]
2021-12-29 12:12:880 INFO  AuthenticationPage :44 - entering random email : <br>
2021-12-29 12:12:20 INFO  AuthenticationPage :50 - Click on the create an account tab : [[ChromeDriver: chrome on WINDOWS (df551a5696065833ca1d0f4aa3792795)] -> xpath: //span[normalize-space()='Create an account']]<br>
2021-12-29 12:12:471 INFO  CreateAccountPage :64 - Entering firstname[[ChromeDriver: chrome on WINDOWS (df551a5696065833ca1d0f4aa3792795)] -> xpath: //input[@id='customer_firstname']]
2021-12-29 12:12:596 INFO  CreateAccountPage :66 - Entering lastname[[ChromeDriver: chrome on WINDOWS (df551a5696065833ca1d0f4aa3792795)] -> xpath: //input[@id='customer_lastname']]
2021-12-29 12:12:715 INFO  CreateAccountPage :68 - Entering password[[ChromeDriver: chrome on WINDOWS (df551a5696065833ca1d0f4aa3792795)] -> xpath: //input[@id='passwd']]
2021-12-29 12:12:835 INFO  CreateAccountPage :70 - Entering address[[ChromeDriver: chrome on WINDOWS (df551a5696065833ca1d0f4aa3792795)] -> xpath: //input[@id='address1']]
2021-12-29 12:12:950 INFO  CreateAccountPage :72 - Entering city[[ChromeDriver: chrome on WINDOWS (df551a5696065833ca1d0f4aa3792795)] -> xpath: //input[@id='city']]
2021-12-29 12:12:116 INFO  CreateAccountPage :74 - Selecting the state[[ChromeDriver: chrome on WINDOWS (df551a5696065833ca1d0f4aa3792795)] -> xpath: //select[@id='id_state']]
2021-12-29 12:12:251 INFO  CreateAccountPage :76 - Entering postalcode[[ChromeDriver: chrome on WINDOWS (df551a5696065833ca1d0f4aa3792795)] -> xpath: //input[@id='postcode']]
2021-12-29 12:12:369 INFO  CreateAccountPage :78 - Entering contact number[[ChromeDriver: chrome on WINDOWS (df551a5696065833ca1d0f4aa3792795)] -> xpath: //input[@id='phone_mobile']]
2021-12-29 12:12:510 INFO  CreateAccountPage :85 - Clicking on register link[[ChromeDriver: chrome on WINDOWS (df551a5696065833ca1d0f4aa3792795)] -> xpath: //button[@id='submitAccount']]
2021-12-29 12:12:239 INFO  HomePage :56 - clicking on sign in button : [[ChromeDriver: chrome on WINDOWS (c808591569f0fe9f2ab91d8ee46ecaf8)] -> xpath: //a[normalize-space()='Sign in']]
2021-12-29 12:12:916 INFO  HomePage :56 - clicking on sign in button : [[ChromeDriver: chrome on WINDOWS (0962284847167c0ec53710186fba3188)] -> xpath: //a[normalize-space()='Sign in']]
2021-12-29 13:12:418 INFO  HomePage :58 - clicking on sign in button : [[ChromeDriver: chrome on WINDOWS (ff0ebc024f457ef1b6f9e5bd49b975bf)] -> xpath: //a[normalize-space()='Sign in']]
2021-12-29 13:12:859 INFO  AuthenticationPage :44 - entering random email : <br>
2021-12-29 13:12:10 INFO  AuthenticationPage :50 - Click on the create an account tab : [[ChromeDriver: chrome on WINDOWS (ff0ebc024f457ef1b6f9e5bd49b975bf)] -> xpath: //span[normalize-space()='Create an account']]<br>
2021-12-29 13:12:537 INFO  CreateAccountPage :64 - Entering firstname[[ChromeDriver: chrome on WINDOWS (ff0ebc024f457ef1b6f9e5bd49b975bf)] -> xpath: //input[@id='customer_firstname']]
2021-12-29 13:12:658 INFO  CreateAccountPage :66 - Entering lastname[[ChromeDriver: chrome on WINDOWS (ff0ebc024f457ef1b6f9e5bd49b975bf)] -> xpath: //input[@id='customer_lastname']]
2021-12-29 13:12:768 INFO  CreateAccountPage :68 - Entering password[[ChromeDriver: chrome on WINDOWS (ff0ebc024f457ef1b6f9e5bd49b975bf)] -> xpath: //input[@id='passwd']]
2021-12-29 13:12:880 INFO  CreateAccountPage :70 - Entering address[[ChromeDriver: chrome on WINDOWS (ff0ebc024f457ef1b6f9e5bd49b975bf)] -> xpath: //input[@id='address1']]
2021-12-29 13:12:04 INFO  CreateAccountPage :72 - Entering city[[ChromeDriver: chrome on WINDOWS (ff0ebc024f457ef1b6f9e5bd49b975bf)] -> xpath: //input[@id='city']]
2021-12-29 13:12:174 INFO  CreateAccountPage :74 - Selecting the state[[ChromeDriver: chrome on WINDOWS (ff0ebc024f457ef1b6f9e5bd49b975bf)] -> xpath: //select[@id='id_state']]
2021-12-29 13:12:310 INFO  CreateAccountPage :76 - Entering postalcode[[ChromeDriver: chrome on WINDOWS (ff0ebc024f457ef1b6f9e5bd49b975bf)] -> xpath: //input[@id='postcode']]
2021-12-29 13:12:428 INFO  CreateAccountPage :78 - Entering contact number[[ChromeDriver: chrome on WINDOWS (ff0ebc024f457ef1b6f9e5bd49b975bf)] -> xpath: //input[@id='phone_mobile']]
2021-12-29 13:12:554 INFO  CreateAccountPage :85 - Clicking on register link[[ChromeDriver: chrome on WINDOWS (ff0ebc024f457ef1b6f9e5bd49b975bf)] -> xpath: //button[@id='submitAccount']]
2021-12-29 13:12:188 INFO  HomePage :58 - clicking on sign in button : [[ChromeDriver: chrome on WINDOWS (cdf061e02cf44be6e580f37a83c86d61)] -> xpath: //a[normalize-space()='Sign in']]
2021-12-29 13:12:841 INFO  HomePage :58 - clicking on sign in button : [[ChromeDriver: chrome on WINDOWS (729217c5c1aad2345cbeb2bd2f634f35)] -> xpath: //a[normalize-space()='Sign in']]
2021-12-29 13:12:541 INFO  HomePage :58 - clicking on sign in button : [[ChromeDriver: chrome on WINDOWS (7d99e7ee073083783934e1feba4dc368)] -> xpath: //a[normalize-space()='Sign in']]
2021-12-29 13:12:975 INFO  AuthenticationPage :44 - entering random email : <br>
2021-12-29 13:12:463 INFO  AuthenticationPage :50 - Click on the create an account tab : [[ChromeDriver: chrome on WINDOWS (7d99e7ee073083783934e1feba4dc368)] -> xpath: //span[normalize-space()='Create an account']]<br>
2021-12-29 13:12:792 INFO  CreateAccountPage :64 - Entering firstname[[ChromeDriver: chrome on WINDOWS (7d99e7ee073083783934e1feba4dc368)] -> xpath: //input[@id='customer_firstname']]
2021-12-29 13:12:912 INFO  CreateAccountPage :66 - Entering lastname[[ChromeDriver: chrome on WINDOWS (7d99e7ee073083783934e1feba4dc368)] -> xpath: //input[@id='customer_lastname']]
2021-12-29 13:12:23 INFO  CreateAccountPage :68 - Entering password[[ChromeDriver: chrome on WINDOWS (7d99e7ee073083783934e1feba4dc368)] -> xpath: //input[@id='passwd']]
2021-12-29 13:12:152 INFO  CreateAccountPage :70 - Entering address[[ChromeDriver: chrome on WINDOWS (7d99e7ee073083783934e1feba4dc368)] -> xpath: //input[@id='address1']]
2021-12-29 13:12:273 INFO  CreateAccountPage :72 - Entering city[[ChromeDriver: chrome on WINDOWS (7d99e7ee073083783934e1feba4dc368)] -> xpath: //input[@id='city']]
2021-12-29 13:12:444 INFO  CreateAccountPage :74 - Selecting the state[[ChromeDriver: chrome on WINDOWS (7d99e7ee073083783934e1feba4dc368)] -> xpath: //select[@id='id_state']]
2021-12-29 13:12:591 INFO  CreateAccountPage :76 - Entering postalcode[[ChromeDriver: chrome on WINDOWS (7d99e7ee073083783934e1feba4dc368)] -> xpath: //input[@id='postcode']]
2021-12-29 13:12:705 INFO  CreateAccountPage :78 - Entering contact number[[ChromeDriver: chrome on WINDOWS (7d99e7ee073083783934e1feba4dc368)] -> xpath: //input[@id='phone_mobile']]
2021-12-29 13:12:835 INFO  CreateAccountPage :85 - Clicking on register link[[ChromeDriver: chrome on WINDOWS (7d99e7ee073083783934e1feba4dc368)] -> xpath: //button[@id='submitAccount']]
2021-12-29 13:12:950 INFO  HomePage :58 - clicking on sign in button : [[ChromeDriver: chrome on WINDOWS (7e7ffbe0fd5b934c7101c052447892ac)] -> xpath: //a[normalize-space()='Sign in']]
2021-12-29 13:12:676 INFO  HomePage :58 - clicking on sign in button : [[ChromeDriver: chrome on WINDOWS (78198788515f74d2535d9d51eee92c13)] -> xpath: //a[normalize-space()='Sign in']]
2021-12-29 13:12:570 INFO  HomePage :58 - clicking on sign in button : [[ChromeDriver: chrome on WINDOWS (a3a716f39beb9f7ccbf9968669b46594)] -> xpath: //a[normalize-space()='Sign in']]
2021-12-29 13:12:521 INFO  AuthenticationPage :44 - entering random email : <br>
2021-12-29 13:12:999 INFO  AuthenticationPage :50 - Click on the create an account tab : [[ChromeDriver: chrome on WINDOWS (a3a716f39beb9f7ccbf9968669b46594)] -> xpath: //span[normalize-space()='Create an account']]<br>
2021-12-29 13:12:561 INFO  CreateAccountPage :64 - Entering firstname[[ChromeDriver: chrome on WINDOWS (a3a716f39beb9f7ccbf9968669b46594)] -> xpath: //input[@id='customer_firstname']]
2021-12-29 13:12:683 INFO  CreateAccountPage :66 - Entering lastname[[ChromeDriver: chrome on WINDOWS (a3a716f39beb9f7ccbf9968669b46594)] -> xpath: //input[@id='customer_lastname']]
2021-12-29 13:12:788 INFO  CreateAccountPage :68 - Entering password[[ChromeDriver: chrome on WINDOWS (a3a716f39beb9f7ccbf9968669b46594)] -> xpath: //input[@id='passwd']]
2021-12-29 13:12:896 INFO  CreateAccountPage :70 - Entering address[[ChromeDriver: chrome on WINDOWS (a3a716f39beb9f7ccbf9968669b46594)] -> xpath: //input[@id='address1']]
2021-12-29 13:12:10 INFO  CreateAccountPage :72 - Entering city[[ChromeDriver: chrome on WINDOWS (a3a716f39beb9f7ccbf9968669b46594)] -> xpath: //input[@id='city']]
2021-12-29 13:12:175 INFO  CreateAccountPage :74 - Selecting the state[[ChromeDriver: chrome on WINDOWS (a3a716f39beb9f7ccbf9968669b46594)] -> xpath: //select[@id='id_state']]
2021-12-29 13:12:310 INFO  CreateAccountPage :76 - Entering postalcode[[ChromeDriver: chrome on WINDOWS (a3a716f39beb9f7ccbf9968669b46594)] -> xpath: //input[@id='postcode']]
2021-12-29 13:12:426 INFO  CreateAccountPage :78 - Entering contact number[[ChromeDriver: chrome on WINDOWS (a3a716f39beb9f7ccbf9968669b46594)] -> xpath: //input[@id='phone_mobile']]
2021-12-29 13:12:551 INFO  CreateAccountPage :85 - Clicking on register link[[ChromeDriver: chrome on WINDOWS (a3a716f39beb9f7ccbf9968669b46594)] -> xpath: //button[@id='submitAccount']]
2021-12-29 13:12:430 INFO  HomePage :58 - clicking on sign in button : [[ChromeDriver: chrome on WINDOWS (0b0091927cfb0010938b33b90ef08662)] -> xpath: //a[normalize-space()='Sign in']]
2021-12-29 13:12:842 INFO  HomePage :58 - clicking on sign in button : [[ChromeDriver: chrome on WINDOWS (38bca3609ef332230b4cb9cb819f5a16)] -> xpath: //a[normalize-space()='Sign in']]
2021-12-29 13:12:742 INFO  HomePage :58 - clicking on sign in button : [[ChromeDriver: chrome on WINDOWS (9149c8619b096287f920678fd8951174)] -> xpath: //a[normalize-space()='Sign in']]
2021-12-29 13:12:269 INFO  AuthenticationPage :44 - entering random email : <br>
2021-12-29 13:12:410 INFO  AuthenticationPage :50 - Click on the create an account tab : [[ChromeDriver: chrome on WINDOWS (9149c8619b096287f920678fd8951174)] -> xpath: //span[normalize-space()='Create an account']]<br>
2021-12-29 13:12:739 INFO  CreateAccountPage :64 - Entering firstname[[ChromeDriver: chrome on WINDOWS (9149c8619b096287f920678fd8951174)] -> xpath: //input[@id='customer_firstname']]
2021-12-29 13:12:862 INFO  CreateAccountPage :66 - Entering lastname[[ChromeDriver: chrome on WINDOWS (9149c8619b096287f920678fd8951174)] -> xpath: //input[@id='customer_lastname']]
2021-12-29 13:12:972 INFO  CreateAccountPage :68 - Entering password[[ChromeDriver: chrome on WINDOWS (9149c8619b096287f920678fd8951174)] -> xpath: //input[@id='passwd']]
2021-12-29 13:12:87 INFO  CreateAccountPage :70 - Entering address[[ChromeDriver: chrome on WINDOWS (9149c8619b096287f920678fd8951174)] -> xpath: //input[@id='address1']]
2021-12-29 13:12:222 INFO  CreateAccountPage :72 - Entering city[[ChromeDriver: chrome on WINDOWS (9149c8619b096287f920678fd8951174)] -> xpath: //input[@id='city']]
2021-12-29 13:12:406 INFO  CreateAccountPage :74 - Selecting the state[[ChromeDriver: chrome on WINDOWS (9149c8619b096287f920678fd8951174)] -> xpath: //select[@id='id_state']]
2021-12-29 13:12:537 INFO  CreateAccountPage :76 - Entering postalcode[[ChromeDriver: chrome on WINDOWS (9149c8619b096287f920678fd8951174)] -> xpath: //input[@id='postcode']]
2021-12-29 13:12:659 INFO  CreateAccountPage :78 - Entering contact number[[ChromeDriver: chrome on WINDOWS (9149c8619b096287f920678fd8951174)] -> xpath: //input[@id='phone_mobile']]
2021-12-29 13:12:793 INFO  CreateAccountPage :85 - Clicking on register link[[ChromeDriver: chrome on WINDOWS (9149c8619b096287f920678fd8951174)] -> xpath: //button[@id='submitAccount']]
2021-12-29 13:12:203 INFO  HomePage :58 - clicking on sign in button : [[ChromeDriver: chrome on WINDOWS (e762df65d7d32bddcc0296b5366faf92)] -> xpath: //a[normalize-space()='Sign in']]
2021-12-29 13:12:230 INFO  HomePage :58 - clicking on sign in button : [[ChromeDriver: chrome on WINDOWS (640f5f4c99fbce88346605578b64eb64)] -> xpath: //a[normalize-space()='Sign in']]
2021-12-29 13:12:877 INFO  HomePage :58 - clicking on sign in button : [[ChromeDriver: chrome on WINDOWS (11eaf8dc631312b738ef979c2b2e8da9)] -> xpath: //a[normalize-space()='Sign in']]
2021-12-29 13:12:52 INFO  AuthenticationPage :44 - entering random email : <br>
2021-12-29 13:12:207 INFO  AuthenticationPage :50 - Click on the create an account tab : [[ChromeDriver: chrome on WINDOWS (11eaf8dc631312b738ef979c2b2e8da9)] -> xpath: //span[normalize-space()='Create an account']]<br>
2021-12-29 13:12:790 INFO  CreateAccountPage :64 - Entering firstname[[ChromeDriver: chrome on WINDOWS (11eaf8dc631312b738ef979c2b2e8da9)] -> xpath: //input[@id='customer_firstname']]
2021-12-29 13:12:913 INFO  CreateAccountPage :66 - Entering lastname[[ChromeDriver: chrome on WINDOWS (11eaf8dc631312b738ef979c2b2e8da9)] -> xpath: //input[@id='customer_lastname']]
2021-12-29 13:12:27 INFO  CreateAccountPage :68 - Entering password[[ChromeDriver: chrome on WINDOWS (11eaf8dc631312b738ef979c2b2e8da9)] -> xpath: //input[@id='passwd']]
2021-12-29 13:12:139 INFO  CreateAccountPage :70 - Entering address[[ChromeDriver: chrome on WINDOWS (11eaf8dc631312b738ef979c2b2e8da9)] -> xpath: //input[@id='address1']]
2021-12-29 13:12:256 INFO  CreateAccountPage :72 - Entering city[[ChromeDriver: chrome on WINDOWS (11eaf8dc631312b738ef979c2b2e8da9)] -> xpath: //input[@id='city']]
2021-12-29 13:12:424 INFO  CreateAccountPage :74 - Selecting the state[[ChromeDriver: chrome on WINDOWS (11eaf8dc631312b738ef979c2b2e8da9)] -> xpath: //select[@id='id_state']]
2021-12-29 13:12:556 INFO  CreateAccountPage :76 - Entering postalcode[[ChromeDriver: chrome on WINDOWS (11eaf8dc631312b738ef979c2b2e8da9)] -> xpath: //input[@id='postcode']]
2021-12-29 13:12:671 INFO  CreateAccountPage :78 - Entering contact number[[ChromeDriver: chrome on WINDOWS (11eaf8dc631312b738ef979c2b2e8da9)] -> xpath: //input[@id='phone_mobile']]
2021-12-29 13:12:806 INFO  CreateAccountPage :85 - Clicking on register link[[ChromeDriver: chrome on WINDOWS (11eaf8dc631312b738ef979c2b2e8da9)] -> xpath: //button[@id='submitAccount']]
2021-12-29 13:12:331 INFO  HomePage :58 - clicking on sign in button : [[ChromeDriver: chrome on WINDOWS (f5706e55509fec5342a93aad58bc93da)] -> xpath: //a[normalize-space()='Sign in']]
2021-12-29 13:12:503 INFO  HomePage :58 - clicking on sign in button : [[ChromeDriver: chrome on WINDOWS (cfc7b987e100a2078387bb0abe3947ec)] -> xpath: //a[normalize-space()='Sign in']]
2021-12-29 14:12:771 INFO  HomePage :58 - clicking on sign in button : [[ChromeDriver: chrome on WINDOWS (5288045f1d0774b80e03f2597e8beae0)] -> xpath: //a[normalize-space()='Sign in']]
2021-12-29 14:12:175 INFO  AuthenticationPage :44 - entering random email : <br>
2021-12-29 14:12:324 INFO  AuthenticationPage :50 - Click on the create an account tab : [[ChromeDriver: chrome on WINDOWS (5288045f1d0774b80e03f2597e8beae0)] -> xpath: //span[normalize-space()='Create an account']]<br>
2021-12-29 14:12:365 INFO  CreateAccountPage :64 - Entering firstname[[ChromeDriver: chrome on WINDOWS (5288045f1d0774b80e03f2597e8beae0)] -> xpath: //input[@id='customer_firstname']]
2021-12-29 14:12:492 INFO  CreateAccountPage :66 - Entering lastname[[ChromeDriver: chrome on WINDOWS (5288045f1d0774b80e03f2597e8beae0)] -> xpath: //input[@id='customer_lastname']]
2021-12-29 14:12:601 INFO  CreateAccountPage :68 - Entering password[[ChromeDriver: chrome on WINDOWS (5288045f1d0774b80e03f2597e8beae0)] -> xpath: //input[@id='passwd']]
2021-12-29 14:12:714 INFO  CreateAccountPage :70 - Entering address[[ChromeDriver: chrome on WINDOWS (5288045f1d0774b80e03f2597e8beae0)] -> xpath: //input[@id='address1']]
2021-12-29 14:12:830 INFO  CreateAccountPage :72 - Entering city[[ChromeDriver: chrome on WINDOWS (5288045f1d0774b80e03f2597e8beae0)] -> xpath: //input[@id='city']]
2021-12-29 14:12:939 INFO  CreateAccountPage :74 - Selecting the state[[ChromeDriver: chrome on WINDOWS (5288045f1d0774b80e03f2597e8beae0)] -> xpath: //select[@id='id_state']]
2021-12-29 14:12:137 INFO  CreateAccountPage :76 - Entering postalcode[[ChromeDriver: chrome on WINDOWS (5288045f1d0774b80e03f2597e8beae0)] -> xpath: //input[@id='postcode']]
2021-12-29 14:12:252 INFO  CreateAccountPage :78 - Entering contact number[[ChromeDriver: chrome on WINDOWS (5288045f1d0774b80e03f2597e8beae0)] -> xpath: //input[@id='phone_mobile']]
2021-12-29 14:12:379 INFO  CreateAccountPage :85 - Clicking on register link[[ChromeDriver: chrome on WINDOWS (5288045f1d0774b80e03f2597e8beae0)] -> xpath: //button[@id='submitAccount']]
2021-12-29 14:12:515 INFO  HomePage :58 - clicking on sign in button : [[ChromeDriver: chrome on WINDOWS (71e418ced03dc50dcf40f58b31a6d69a)] -> xpath: //a[normalize-space()='Sign in']]
2021-12-29 14:12:400 INFO  HomePage :58 - clicking on sign in button : [[ChromeDriver: chrome on WINDOWS (0a947f00586d4b621e6102ed83229b91)] -> xpath: //a[normalize-space()='Sign in']]
2021-12-29 14:12:193 INFO  HomePage :58 - clicking on sign in button : [[ChromeDriver: chrome on WINDOWS (fe9e6ec4ce73921b80d73ea44e4abea2)] -> xpath: //a[normalize-space()='Sign in']]
2021-12-29 14:12:601 INFO  AuthenticationPage :44 - entering random email : <br>
2021-12-29 14:12:753 INFO  AuthenticationPage :50 - Click on the create an account tab : [[ChromeDriver: chrome on WINDOWS (fe9e6ec4ce73921b80d73ea44e4abea2)] -> xpath: //span[normalize-space()='Create an account']]<br>
2021-12-29 14:12:336 INFO  CreateAccountPage :64 - Entering firstname[[ChromeDriver: chrome on WINDOWS (fe9e6ec4ce73921b80d73ea44e4abea2)] -> xpath: //input[@id='customer_firstname']]
2021-12-29 14:12:460 INFO  CreateAccountPage :66 - Entering lastname[[ChromeDriver: chrome on WINDOWS (fe9e6ec4ce73921b80d73ea44e4abea2)] -> xpath: //input[@id='customer_lastname']]
2021-12-29 14:12:567 INFO  CreateAccountPage :68 - Entering password[[ChromeDriver: chrome on WINDOWS (fe9e6ec4ce73921b80d73ea44e4abea2)] -> xpath: //input[@id='passwd']]
2021-12-29 14:12:679 INFO  CreateAccountPage :70 - Entering address[[ChromeDriver: chrome on WINDOWS (fe9e6ec4ce73921b80d73ea44e4abea2)] -> xpath: //input[@id='address1']]
2021-12-29 14:12:795 INFO  CreateAccountPage :72 - Entering city[[ChromeDriver: chrome on WINDOWS (fe9e6ec4ce73921b80d73ea44e4abea2)] -> xpath: //input[@id='city']]
2021-12-29 14:12:902 INFO  CreateAccountPage :74 - Selecting the state[[ChromeDriver: chrome on WINDOWS (fe9e6ec4ce73921b80d73ea44e4abea2)] -> xpath: //select[@id='id_state']]
2021-12-29 14:12:95 INFO  CreateAccountPage :76 - Entering postalcode[[ChromeDriver: chrome on WINDOWS (fe9e6ec4ce73921b80d73ea44e4abea2)] -> xpath: //input[@id='postcode']]
2021-12-29 14:12:214 INFO  CreateAccountPage :78 - Entering contact number[[ChromeDriver: chrome on WINDOWS (fe9e6ec4ce73921b80d73ea44e4abea2)] -> xpath: //input[@id='phone_mobile']]
2021-12-29 14:12:341 INFO  CreateAccountPage :85 - Clicking on register link[[ChromeDriver: chrome on WINDOWS (fe9e6ec4ce73921b80d73ea44e4abea2)] -> xpath: //button[@id='submitAccount']]
2021-12-29 14:12:686 INFO  HomePage :58 - clicking on sign in button : [[ChromeDriver: chrome on WINDOWS (20cbf865d1dec200863d69654bcd40d7)] -> xpath: //a[normalize-space()='Sign in']]
2021-12-29 14:12:93 INFO  HomePage :58 - clicking on sign in button : [[ChromeDriver: chrome on WINDOWS (92280ef85592210207d9017ce7673d36)] -> xpath: //a[normalize-space()='Sign in']]
2021-12-29 14:12:114 INFO  HomePage :58 - clicking on sign in button : [[ChromeDriver: chrome on WINDOWS (ea5d33de9ab15821987977ac9449f158)] -> xpath: //a[normalize-space()='Sign in']]
2021-12-29 14:12:630 INFO  AuthenticationPage :44 - entering random email : <br>
2021-12-29 14:12:783 INFO  AuthenticationPage :50 - Click on the create an account tab : [[ChromeDriver: chrome on WINDOWS (ea5d33de9ab15821987977ac9449f158)] -> xpath: //span[normalize-space()='Create an account']]<br>
2021-12-29 14:12:158 INFO  CreateAccountPage :64 - Entering firstname[[ChromeDriver: chrome on WINDOWS (ea5d33de9ab15821987977ac9449f158)] -> xpath: //input[@id='customer_firstname']]
2021-12-29 14:12:280 INFO  CreateAccountPage :66 - Entering lastname[[ChromeDriver: chrome on WINDOWS (ea5d33de9ab15821987977ac9449f158)] -> xpath: //input[@id='customer_lastname']]
2021-12-29 14:12:387 INFO  CreateAccountPage :68 - Entering password[[ChromeDriver: chrome on WINDOWS (ea5d33de9ab15821987977ac9449f158)] -> xpath: //input[@id='passwd']]
2021-12-29 14:12:498 INFO  CreateAccountPage :70 - Entering address[[ChromeDriver: chrome on WINDOWS (ea5d33de9ab15821987977ac9449f158)] -> xpath: //input[@id='address1']]
2021-12-29 14:12:617 INFO  CreateAccountPage :72 - Entering city[[ChromeDriver: chrome on WINDOWS (ea5d33de9ab15821987977ac9449f158)] -> xpath: //input[@id='city']]
2021-12-29 14:12:793 INFO  CreateAccountPage :74 - Selecting the state[[ChromeDriver: chrome on WINDOWS (ea5d33de9ab15821987977ac9449f158)] -> xpath: //select[@id='id_state']]
2021-12-29 14:12:924 INFO  CreateAccountPage :76 - Entering postalcode[[ChromeDriver: chrome on WINDOWS (ea5d33de9ab15821987977ac9449f158)] -> xpath: //input[@id='postcode']]
2021-12-29 14:12:37 INFO  CreateAccountPage :78 - Entering contact number[[ChromeDriver: chrome on WINDOWS (ea5d33de9ab15821987977ac9449f158)] -> xpath: //input[@id='phone_mobile']]
2021-12-29 14:12:179 INFO  CreateAccountPage :85 - Clicking on register link[[ChromeDriver: chrome on WINDOWS (ea5d33de9ab15821987977ac9449f158)] -> xpath: //button[@id='submitAccount']]
2021-12-29 14:12:199 INFO  HomePage :58 - clicking on sign in button : [[ChromeDriver: chrome on WINDOWS (84b707fc6f47d082432b3ed9b1755aa1)] -> xpath: //a[normalize-space()='Sign in']]
2021-12-29 14:12:704 INFO  HomePage :58 - clicking on sign in button : [[ChromeDriver: chrome on WINDOWS (ddf013211239a1c566e9108fcd100428)] -> xpath: //a[normalize-space()='Sign in']]
2021-12-30 12:12:681 INFO  HomePage :58 - clicking on sign in button : [[ChromeDriver: chrome on WINDOWS (d9d3aec0e517d6d11b3aaf37a49ee67e)] -> xpath: //a[normalize-space()='Sign in']]
2021-12-30 12:12:699 INFO  AuthenticationPage :44 - entering random email : <br>
2021-12-30 12:12:858 INFO  AuthenticationPage :50 - Click on the create an account tab : [[ChromeDriver: chrome on WINDOWS (d9d3aec0e517d6d11b3aaf37a49ee67e)] -> xpath: //span[normalize-space()='Create an account']]<br>
2021-12-30 12:12:22 INFO  CreateAccountPage :64 - Entering firstname[[ChromeDriver: chrome on WINDOWS (d9d3aec0e517d6d11b3aaf37a49ee67e)] -> xpath: //input[@id='customer_firstname']]
2021-12-30 12:12:149 INFO  CreateAccountPage :66 - Entering lastname[[ChromeDriver: chrome on WINDOWS (d9d3aec0e517d6d11b3aaf37a49ee67e)] -> xpath: //input[@id='customer_lastname']]
2021-12-30 12:12:256 INFO  CreateAccountPage :68 - Entering password[[ChromeDriver: chrome on WINDOWS (d9d3aec0e517d6d11b3aaf37a49ee67e)] -> xpath: //input[@id='passwd']]
2021-12-30 12:12:369 INFO  CreateAccountPage :70 - Entering address[[ChromeDriver: chrome on WINDOWS (d9d3aec0e517d6d11b3aaf37a49ee67e)] -> xpath: //input[@id='address1']]
2021-12-30 12:12:485 INFO  CreateAccountPage :72 - Entering city[[ChromeDriver: chrome on WINDOWS (d9d3aec0e517d6d11b3aaf37a49ee67e)] -> xpath: //input[@id='city']]
2021-12-30 12:12:590 INFO  CreateAccountPage :74 - Selecting the state[[ChromeDriver: chrome on WINDOWS (d9d3aec0e517d6d11b3aaf37a49ee67e)] -> xpath: //select[@id='id_state']]
2021-12-30 12:12:789 INFO  CreateAccountPage :76 - Entering postalcode[[ChromeDriver: chrome on WINDOWS (d9d3aec0e517d6d11b3aaf37a49ee67e)] -> xpath: //input[@id='postcode']]
2021-12-30 12:12:903 INFO  CreateAccountPage :78 - Entering contact number[[ChromeDriver: chrome on WINDOWS (d9d3aec0e517d6d11b3aaf37a49ee67e)] -> xpath: //input[@id='phone_mobile']]
2021-12-30 12:12:29 INFO  CreateAccountPage :85 - Clicking on register link[[ChromeDriver: chrome on WINDOWS (d9d3aec0e517d6d11b3aaf37a49ee67e)] -> xpath: //button[@id='submitAccount']]
2021-12-30 12:12:949 INFO  HomePage :58 - clicking on sign in button : Proxy element for: DefaultElementLocator 'By.xpath: //a[normalize-space()='Sign in']'
2021-12-30 12:12:243 INFO  HomePage :58 - clicking on sign in button : Proxy element for: DefaultElementLocator 'By.xpath: //a[normalize-space()='Sign in']'
2021-12-30 12:12:895 INFO  HomePage :58 - clicking on sign in button : [[ChromeDriver: chrome on WINDOWS (19b7ea2bc8c25bec8b7a1d99b68a1c7a)] -> xpath: //a[normalize-space()='Sign in']]
2021-12-30 12:12:908 INFO  AuthenticationPage :44 - entering random email : <br>
2021-12-30 12:12:67 INFO  AuthenticationPage :50 - Click on the create an account tab : [[ChromeDriver: chrome on WINDOWS (19b7ea2bc8c25bec8b7a1d99b68a1c7a)] -> xpath: //span[normalize-space()='Create an account']]<br>
2021-12-30 12:12:185 INFO  CreateAccountPage :64 - Entering firstname[[ChromeDriver: chrome on WINDOWS (19b7ea2bc8c25bec8b7a1d99b68a1c7a)] -> xpath: //input[@id='customer_firstname']]
2021-12-30 12:12:307 INFO  CreateAccountPage :66 - Entering lastname[[ChromeDriver: chrome on WINDOWS (19b7ea2bc8c25bec8b7a1d99b68a1c7a)] -> xpath: //input[@id='customer_lastname']]
2021-12-30 12:12:414 INFO  CreateAccountPage :68 - Entering password[[ChromeDriver: chrome on WINDOWS (19b7ea2bc8c25bec8b7a1d99b68a1c7a)] -> xpath: //input[@id='passwd']]
2021-12-30 12:12:523 INFO  CreateAccountPage :70 - Entering address[[ChromeDriver: chrome on WINDOWS (19b7ea2bc8c25bec8b7a1d99b68a1c7a)] -> xpath: //input[@id='address1']]
2021-12-30 12:12:639 INFO  CreateAccountPage :72 - Entering city[[ChromeDriver: chrome on WINDOWS (19b7ea2bc8c25bec8b7a1d99b68a1c7a)] -> xpath: //input[@id='city']]
2021-12-30 12:12:751 INFO  CreateAccountPage :74 - Selecting the state[[ChromeDriver: chrome on WINDOWS (19b7ea2bc8c25bec8b7a1d99b68a1c7a)] -> xpath: //select[@id='id_state']]
2021-12-30 12:12:942 INFO  CreateAccountPage :76 - Entering postalcode[[ChromeDriver: chrome on WINDOWS (19b7ea2bc8c25bec8b7a1d99b68a1c7a)] -> xpath: //input[@id='postcode']]
2021-12-30 12:12:56 INFO  CreateAccountPage :78 - Entering contact number[[ChromeDriver: chrome on WINDOWS (19b7ea2bc8c25bec8b7a1d99b68a1c7a)] -> xpath: //input[@id='phone_mobile']]
2021-12-30 12:12:191 INFO  CreateAccountPage :85 - Clicking on register link[[ChromeDriver: chrome on WINDOWS (19b7ea2bc8c25bec8b7a1d99b68a1c7a)] -> xpath: //button[@id='submitAccount']]
2021-12-30 12:12:429 INFO  HomePage :58 - clicking on sign in button : [[ChromeDriver: chrome on WINDOWS (768ae3823109132468cecda3d967ffa0)] -> xpath: //a[normalize-space()='Sign in']]
2021-12-30 12:12:244 INFO  HomePage :58 - clicking on sign in button : [[ChromeDriver: chrome on WINDOWS (a5899a5ed1093c981d1ba785920cf0c6)] -> xpath: //a[normalize-space()='Sign in']]
2021-12-30 12:12:486 INFO  HomePage :58 - clicking on sign in button : [[ChromeDriver: chrome on WINDOWS (9a8af098f6cff291f51ff124fc0f5f26)] -> xpath: //a[normalize-space()='Sign in']]
2021-12-30 12:12:894 INFO  AuthenticationPage :44 - entering random email : <br>
2021-12-30 12:12:44 INFO  AuthenticationPage :50 - Click on the create an account tab : [[ChromeDriver: chrome on WINDOWS (9a8af098f6cff291f51ff124fc0f5f26)] -> xpath: //span[normalize-space()='Create an account']]<br>
2021-12-30 12:12:115 INFO  CreateAccountPage :64 - Entering firstname[[ChromeDriver: chrome on WINDOWS (9a8af098f6cff291f51ff124fc0f5f26)] -> xpath: //input[@id='customer_firstname']]
2021-12-30 12:12:239 INFO  CreateAccountPage :66 - Entering lastname[[ChromeDriver: chrome on WINDOWS (9a8af098f6cff291f51ff124fc0f5f26)] -> xpath: //input[@id='customer_lastname']]
2021-12-30 12:12:347 INFO  CreateAccountPage :68 - Entering password[[ChromeDriver: chrome on WINDOWS (9a8af098f6cff291f51ff124fc0f5f26)] -> xpath: //input[@id='passwd']]
2021-12-30 12:12:458 INFO  CreateAccountPage :70 - Entering address[[ChromeDriver: chrome on WINDOWS (9a8af098f6cff291f51ff124fc0f5f26)] -> xpath: //input[@id='address1']]
2021-12-30 12:12:577 INFO  CreateAccountPage :72 - Entering city[[ChromeDriver: chrome on WINDOWS (9a8af098f6cff291f51ff124fc0f5f26)] -> xpath: //input[@id='city']]
2021-12-30 12:12:683 INFO  CreateAccountPage :74 - Selecting the state[[ChromeDriver: chrome on WINDOWS (9a8af098f6cff291f51ff124fc0f5f26)] -> xpath: //select[@id='id_state']]
2021-12-30 12:12:872 INFO  CreateAccountPage :76 - Entering postalcode[[ChromeDriver: chrome on WINDOWS (9a8af098f6cff291f51ff124fc0f5f26)] -> xpath: //input[@id='postcode']]
2021-12-30 12:12:986 INFO  CreateAccountPage :78 - Entering contact number[[ChromeDriver: chrome on WINDOWS (9a8af098f6cff291f51ff124fc0f5f26)] -> xpath: //input[@id='phone_mobile']]
2021-12-30 12:12:115 INFO  CreateAccountPage :85 - Clicking on register link[[ChromeDriver: chrome on WINDOWS (9a8af098f6cff291f51ff124fc0f5f26)] -> xpath: //button[@id='submitAccount']]
2021-12-30 12:12:74 INFO  HomePage :58 - clicking on sign in button : [[ChromeDriver: chrome on WINDOWS (ab465f6bca00eddca7565ee777e06e19)] -> xpath: //a[normalize-space()='Sign in']]
2021-12-30 12:12:534 INFO  HomePage :58 - clicking on sign in button : [[ChromeDriver: chrome on WINDOWS (d23cdeee122e06bde376dd3f64d5c106)] -> xpath: //a[normalize-space()='Sign in']]
2021-12-30 12:12:568 INFO  HomePage :58 - clicking on sign in button : [[ChromeDriver: chrome on WINDOWS (6be159c2ab2825962b8def769b62b10c)] -> xpath: //a[normalize-space()='Sign in']]
2021-12-30 12:12:649 INFO  AuthenticationPage :44 - entering random email : <br>
2021-12-30 12:12:801 INFO  AuthenticationPage :50 - Click on the create an account tab : [[ChromeDriver: chrome on WINDOWS (6be159c2ab2825962b8def769b62b10c)] -> xpath: //span[normalize-space()='Create an account']]<br>
2021-12-30 12:12:497 INFO  CreateAccountPage :64 - Entering firstname[[ChromeDriver: chrome on WINDOWS (6be159c2ab2825962b8def769b62b10c)] -> xpath: //input[@id='customer_firstname']]
2021-12-30 12:12:620 INFO  CreateAccountPage :66 - Entering lastname[[ChromeDriver: chrome on WINDOWS (6be159c2ab2825962b8def769b62b10c)] -> xpath: //input[@id='customer_lastname']]
2021-12-30 12:12:725 INFO  CreateAccountPage :68 - Entering password[[ChromeDriver: chrome on WINDOWS (6be159c2ab2825962b8def769b62b10c)] -> xpath: //input[@id='passwd']]
2021-12-30 12:12:831 INFO  CreateAccountPage :70 - Entering address[[ChromeDriver: chrome on WINDOWS (6be159c2ab2825962b8def769b62b10c)] -> xpath: //input[@id='address1']]
2021-12-30 12:12:943 INFO  CreateAccountPage :72 - Entering city[[ChromeDriver: chrome on WINDOWS (6be159c2ab2825962b8def769b62b10c)] -> xpath: //input[@id='city']]
2021-12-30 12:12:49 INFO  CreateAccountPage :74 - Selecting the state[[ChromeDriver: chrome on WINDOWS (6be159c2ab2825962b8def769b62b10c)] -> xpath: //select[@id='id_state']]
2021-12-30 12:12:239 INFO  CreateAccountPage :76 - Entering postalcode[[ChromeDriver: chrome on WINDOWS (6be159c2ab2825962b8def769b62b10c)] -> xpath: //input[@id='postcode']]
2021-12-30 12:12:361 INFO  CreateAccountPage :78 - Entering contact number[[ChromeDriver: chrome on WINDOWS (6be159c2ab2825962b8def769b62b10c)] -> xpath: //input[@id='phone_mobile']]
2021-12-30 12:12:488 INFO  CreateAccountPage :85 - Clicking on register link[[ChromeDriver: chrome on WINDOWS (6be159c2ab2825962b8def769b62b10c)] -> xpath: //button[@id='submitAccount']]
2021-12-30 12:12:474 INFO  HomePage :58 - clicking on sign in button : [[ChromeDriver: chrome on WINDOWS (17b1d6895be3ad450ef173f22bfc7d1f)] -> xpath: //a[normalize-space()='Sign in']]
2021-12-30 12:12:931 INFO  HomePage :58 - clicking on sign in button : [[ChromeDriver: chrome on WINDOWS (b62277c8c9cd27fa1c8017c2ff8c4dbf)] -> xpath: //a[normalize-space()='Sign in']]
2021-12-30 13:12:805 INFO  HomePage :60 - clicking on sign in button : [[ChromeDriver: chrome on WINDOWS (ea7c6dc45762356f317643c282a1517d)] -> xpath: //a[normalize-space()='Sign in']]
2021-12-30 13:12:188 INFO  AuthenticationPage :44 - entering random email : <br>
2021-12-30 13:12:669 INFO  AuthenticationPage :50 - Click on the create an account tab : [[ChromeDriver: chrome on WINDOWS (ea7c6dc45762356f317643c282a1517d)] -> xpath: //span[normalize-space()='Create an account']]<br>
2021-12-30 13:12:15 INFO  CreateAccountPage :64 - Entering firstname[[ChromeDriver: chrome on WINDOWS (ea7c6dc45762356f317643c282a1517d)] -> xpath: //input[@id='customer_firstname']]
2021-12-30 13:12:138 INFO  CreateAccountPage :66 - Entering lastname[[ChromeDriver: chrome on WINDOWS (ea7c6dc45762356f317643c282a1517d)] -> xpath: //input[@id='customer_lastname']]
2021-12-30 13:12:244 INFO  CreateAccountPage :68 - Entering password[[ChromeDriver: chrome on WINDOWS (ea7c6dc45762356f317643c282a1517d)] -> xpath: //input[@id='passwd']]
2021-12-30 13:12:368 INFO  CreateAccountPage :70 - Entering address[[ChromeDriver: chrome on WINDOWS (ea7c6dc45762356f317643c282a1517d)] -> xpath: //input[@id='address1']]
2021-12-30 13:12:492 INFO  CreateAccountPage :72 - Entering city[[ChromeDriver: chrome on WINDOWS (ea7c6dc45762356f317643c282a1517d)] -> xpath: //input[@id='city']]
2021-12-30 13:12:667 INFO  CreateAccountPage :74 - Selecting the state[[ChromeDriver: chrome on WINDOWS (ea7c6dc45762356f317643c282a1517d)] -> xpath: //select[@id='id_state']]
2021-12-30 13:12:802 INFO  CreateAccountPage :76 - Entering postalcode[[ChromeDriver: chrome on WINDOWS (ea7c6dc45762356f317643c282a1517d)] -> xpath: //input[@id='postcode']]
2021-12-30 13:12:912 INFO  CreateAccountPage :78 - Entering contact number[[ChromeDriver: chrome on WINDOWS (ea7c6dc45762356f317643c282a1517d)] -> xpath: //input[@id='phone_mobile']]
2021-12-30 13:12:39 INFO  CreateAccountPage :85 - Clicking on register link[[ChromeDriver: chrome on WINDOWS (ea7c6dc45762356f317643c282a1517d)] -> xpath: //button[@id='submitAccount']]
2021-12-30 13:12:715 INFO  HomePage :60 - clicking on sign in button : [[ChromeDriver: chrome on WINDOWS (710827427fa484bf9f5f98f4d2f1dc12)] -> xpath: //a[normalize-space()='Sign in']]
2021-12-30 13:12:686 INFO  HomePage :60 - clicking on sign in button : [[ChromeDriver: chrome on WINDOWS (0b699c77a46caab005852789f2c3a0d7)] -> xpath: //a[normalize-space()='Sign in']]
2021-12-30 13:12:28 INFO  HomePage :60 - clicking on sign in button : [[ChromeDriver: chrome on WINDOWS (d0c99ddb6aa651d47fdea0357138c3b1)] -> xpath: //a[normalize-space()='Sign in']]
2021-12-30 13:12:925 INFO  HomePage :60 - clicking on sign in button : [[ChromeDriver: chrome on WINDOWS (738e423f8e231db93fb6d91720cdf542)] -> xpath: //a[normalize-space()='Sign in']]
2021-12-30 13:12:715 INFO  AuthenticationPage :44 - entering random email : <br>
2021-12-30 13:12:873 INFO  AuthenticationPage :50 - Click on the create an account tab : [[ChromeDriver: chrome on WINDOWS (738e423f8e231db93fb6d91720cdf542)] -> xpath: //span[normalize-space()='Create an account']]<br>
2021-12-30 13:12:321 INFO  CreateAccountPage :64 - Entering firstname[[ChromeDriver: chrome on WINDOWS (738e423f8e231db93fb6d91720cdf542)] -> xpath: //input[@id='customer_firstname']]
2021-12-30 13:12:443 INFO  CreateAccountPage :66 - Entering lastname[[ChromeDriver: chrome on WINDOWS (738e423f8e231db93fb6d91720cdf542)] -> xpath: //input[@id='customer_lastname']]
2021-12-30 13:12:547 INFO  CreateAccountPage :68 - Entering password[[ChromeDriver: chrome on WINDOWS (738e423f8e231db93fb6d91720cdf542)] -> xpath: //input[@id='passwd']]
2021-12-30 13:12:657 INFO  CreateAccountPage :70 - Entering address[[ChromeDriver: chrome on WINDOWS (738e423f8e231db93fb6d91720cdf542)] -> xpath: //input[@id='address1']]
2021-12-30 13:12:779 INFO  CreateAccountPage :72 - Entering city[[ChromeDriver: chrome on WINDOWS (738e423f8e231db93fb6d91720cdf542)] -> xpath: //input[@id='city']]
2021-12-30 13:12:940 INFO  CreateAccountPage :74 - Selecting the state[[ChromeDriver: chrome on WINDOWS (738e423f8e231db93fb6d91720cdf542)] -> xpath: //select[@id='id_state']]
2021-12-30 13:12:78 INFO  CreateAccountPage :76 - Entering postalcode[[ChromeDriver: chrome on WINDOWS (738e423f8e231db93fb6d91720cdf542)] -> xpath: //input[@id='postcode']]
2021-12-30 13:12:195 INFO  CreateAccountPage :78 - Entering contact number[[ChromeDriver: chrome on WINDOWS (738e423f8e231db93fb6d91720cdf542)] -> xpath: //input[@id='phone_mobile']]
2021-12-30 13:12:320 INFO  CreateAccountPage :85 - Clicking on register link[[ChromeDriver: chrome on WINDOWS (738e423f8e231db93fb6d91720cdf542)] -> xpath: //button[@id='submitAccount']]
2021-12-30 13:12:754 INFO  HomePage :60 - clicking on sign in button : [[ChromeDriver: chrome on WINDOWS (00c318ac6924d4ed6159b4a173ebb431)] -> xpath: //a[normalize-space()='Sign in']]
2021-12-30 13:12:621 INFO  HomePage :60 - clicking on sign in button : [[ChromeDriver: chrome on WINDOWS (e0239b3b2eb15d1f73e75d6524412e3e)] -> xpath: //a[normalize-space()='Sign in']]
2021-12-30 13:12:246 INFO  HomePage :60 - clicking on sign in button : [[ChromeDriver: chrome on WINDOWS (7f36c4c9a2d0890c7b88e5c0e6046ae6)] -> xpath: //a[normalize-space()='Sign in']]
2021-12-30 13:12:451 INFO  HomePage :60 - clicking on sign in button : [[ChromeDriver: chrome on WINDOWS (44fb7f3d1ed120313c528434e45e37d9)] -> xpath: //a[normalize-space()='Sign in']]
2021-12-30 13:12:378 INFO  AuthenticationPage :44 - entering random email : <br>
2021-12-30 13:12:534 INFO  AuthenticationPage :50 - Click on the create an account tab : [[ChromeDriver: chrome on WINDOWS (44fb7f3d1ed120313c528434e45e37d9)] -> xpath: //span[normalize-space()='Create an account']]<br>
2021-12-30 13:12:857 INFO  CreateAccountPage :64 - Entering firstname[[ChromeDriver: chrome on WINDOWS (44fb7f3d1ed120313c528434e45e37d9)] -> xpath: //input[@id='customer_firstname']]
2021-12-30 13:12:978 INFO  CreateAccountPage :66 - Entering lastname[[ChromeDriver: chrome on WINDOWS (44fb7f3d1ed120313c528434e45e37d9)] -> xpath: //input[@id='customer_lastname']]
2021-12-30 13:12:86 INFO  CreateAccountPage :68 - Entering password[[ChromeDriver: chrome on WINDOWS (44fb7f3d1ed120313c528434e45e37d9)] -> xpath: //input[@id='passwd']]
2021-12-30 13:12:205 INFO  CreateAccountPage :70 - Entering address[[ChromeDriver: chrome on WINDOWS (44fb7f3d1ed120313c528434e45e37d9)] -> xpath: //input[@id='address1']]
2021-12-30 13:12:332 INFO  CreateAccountPage :72 - Entering city[[ChromeDriver: chrome on WINDOWS (44fb7f3d1ed120313c528434e45e37d9)] -> xpath: //input[@id='city']]
2021-12-30 13:12:495 INFO  CreateAccountPage :74 - Selecting the state[[ChromeDriver: chrome on WINDOWS (44fb7f3d1ed120313c528434e45e37d9)] -> xpath: //select[@id='id_state']]
2021-12-30 13:12:629 INFO  CreateAccountPage :76 - Entering postalcode[[ChromeDriver: chrome on WINDOWS (44fb7f3d1ed120313c528434e45e37d9)] -> xpath: //input[@id='postcode']]
2021-12-30 13:12:755 INFO  CreateAccountPage :78 - Entering contact number[[ChromeDriver: chrome on WINDOWS (44fb7f3d1ed120313c528434e45e37d9)] -> xpath: //input[@id='phone_mobile']]
2021-12-30 13:12:885 INFO  CreateAccountPage :85 - Clicking on register link[[ChromeDriver: chrome on WINDOWS (44fb7f3d1ed120313c528434e45e37d9)] -> xpath: //button[@id='submitAccount']]
2021-12-30 13:12:990 INFO  HomePage :60 - clicking on sign in button : [[ChromeDriver: chrome on WINDOWS (f13a69a32ab332f6e4b9be5295cc6ae6)] -> xpath: //a[normalize-space()='Sign in']]
2021-12-30 13:12:505 INFO  HomePage :60 - clicking on sign in button : [[ChromeDriver: chrome on WINDOWS (63dc81d137eaf2a1b93d7255a40b1ce9)] -> xpath: //a[normalize-space()='Sign in']]
2021-12-30 13:12:730 INFO  HomePage :60 - clicking on sign in button : [[ChromeDriver: chrome on WINDOWS (36fef0ca9c55ac1f8a731f07cdb20b86)] -> xpath: //a[normalize-space()='Sign in']]
2021-12-30 13:12:874 INFO  HomePage :60 - clicking on sign in button : [[ChromeDriver: chrome on WINDOWS (04f2fc3289879a8777cbafc8cdeb5c3e)] -> xpath: //a[normalize-space()='Sign in']]
2021-12-30 13:12:875 INFO  AuthenticationPage :44 - entering random email : <br>
2021-12-30 13:12:23 INFO  AuthenticationPage :50 - Click on the create an account tab : [[ChromeDriver: chrome on WINDOWS (04f2fc3289879a8777cbafc8cdeb5c3e)] -> xpath: //span[normalize-space()='Create an account']]<br>
2021-12-30 13:12:944 INFO  CreateAccountPage :64 - Entering firstname[[ChromeDriver: chrome on WINDOWS (04f2fc3289879a8777cbafc8cdeb5c3e)] -> xpath: //input[@id='customer_firstname']]
2021-12-30 13:12:70 INFO  CreateAccountPage :66 - Entering lastname[[ChromeDriver: chrome on WINDOWS (04f2fc3289879a8777cbafc8cdeb5c3e)] -> xpath: //input[@id='customer_lastname']]
2021-12-30 13:12:184 INFO  CreateAccountPage :68 - Entering password[[ChromeDriver: chrome on WINDOWS (04f2fc3289879a8777cbafc8cdeb5c3e)] -> xpath: //input[@id='passwd']]
2021-12-30 13:12:298 INFO  CreateAccountPage :70 - Entering address[[ChromeDriver: chrome on WINDOWS (04f2fc3289879a8777cbafc8cdeb5c3e)] -> xpath: //input[@id='address1']]
2021-12-30 13:12:419 INFO  CreateAccountPage :72 - Entering city[[ChromeDriver: chrome on WINDOWS (04f2fc3289879a8777cbafc8cdeb5c3e)] -> xpath: //input[@id='city']]
2021-12-30 13:12:595 INFO  CreateAccountPage :74 - Selecting the state[[ChromeDriver: chrome on WINDOWS (04f2fc3289879a8777cbafc8cdeb5c3e)] -> xpath: //select[@id='id_state']]
2021-12-30 13:12:726 INFO  CreateAccountPage :76 - Entering postalcode[[ChromeDriver: chrome on WINDOWS (04f2fc3289879a8777cbafc8cdeb5c3e)] -> xpath: //input[@id='postcode']]
2021-12-30 13:12:840 INFO  CreateAccountPage :78 - Entering contact number[[ChromeDriver: chrome on WINDOWS (04f2fc3289879a8777cbafc8cdeb5c3e)] -> xpath: //input[@id='phone_mobile']]
2021-12-30 13:12:977 INFO  CreateAccountPage :85 - Clicking on register link[[ChromeDriver: chrome on WINDOWS (04f2fc3289879a8777cbafc8cdeb5c3e)] -> xpath: //button[@id='submitAccount']]
2021-12-30 13:12:374 INFO  HomePage :60 - clicking on sign in button : [[ChromeDriver: chrome on WINDOWS (71e493f3a6ddeedb205b6dc18f45c281)] -> xpath: //a[normalize-space()='Sign in']]
2021-12-30 13:12:477 INFO  HomePage :60 - clicking on sign in button : [[ChromeDriver: chrome on WINDOWS (a6035227fb17289a20249093202bf56e)] -> xpath: //a[normalize-space()='Sign in']]
2021-12-30 13:12:446 INFO  HomePage :60 - clicking on sign in button : [[ChromeDriver: chrome on WINDOWS (18174cbb9459fb2a133e937c335f69f5)] -> xpath: //a[normalize-space()='Sign in']]
